TN:
SF:index.ts
FN:38,getDatabaseUrl
FN:58,isGuardDutyScanClean
FN:83,extractS3InfoFromGuardDuty
FN:95,getBundleId
FN:111,moveFileToCleanBucket
FN:138,updateDatabase
FN:144,processGuardDutyResult
FN:170,handler
FNF:8
FNH:8
FNDA:4,getDatabaseUrl
FNDA:8,isGuardDutyScanClean
FNDA:8,extractS3InfoFromGuardDuty
FNDA:7,getBundleId
FNDA:4,moveFileToCleanBucket
FNDA:2,updateDatabase
FNDA:3,processGuardDutyResult
FNDA:4,handler
DA:3,1
DA:4,1
DA:5,1
DA:7,1
DA:8,1
DA:9,1
DA:11,1
DA:12,0
DA:13,0
DA:14,0
DA:15,0
DA:16,0
DA:17,1
DA:18,1
DA:19,1
DA:21,1
DA:23,1
DA:24,0
DA:25,0
DA:26,0
DA:27,0
DA:28,1
DA:30,1
DA:32,1
DA:33,1
DA:35,1
DA:36,1
DA:38,4
DA:39,4
DA:40,4
DA:41,3
DA:42,3
DA:44,1
DA:45,1
DA:46,1
DA:48,4
DA:49,0
DA:50,0
DA:51,1
DA:52,1
DA:53,1
DA:55,1
DA:56,1
DA:58,1
DA:59,8
DA:60,8
DA:61,1
DA:62,1
DA:63,1
DA:65,8
DA:66,1
DA:67,1
DA:68,1
DA:70,5
DA:71,8
DA:72,2
DA:73,2
DA:74,2
DA:76,3
DA:77,8
DA:78,1
DA:79,1
DA:80,1
DA:81,8
DA:83,1
DA:84,8
DA:85,8
DA:86,1
DA:87,1
DA:89,7
DA:90,7
DA:91,7
DA:92,7
DA:93,7
DA:95,7
DA:96,7
DA:98,7
DA:99,7
DA:101,7
DA:102,2
DA:103,2
DA:105,4
DA:106,7
DA:107,3
DA:108,3
DA:109,7
DA:111,4
DA:112,4
DA:114,4
DA:116,4
DA:117,4
DA:118,4
DA:119,4
DA:120,4
DA:121,4
DA:122,4
DA:124,3
DA:126,3
DA:127,3
DA:128,3
DA:129,3
DA:130,3
DA:131,3
DA:133,3
DA:135,3
DA:136,3
DA:138,2
DA:139,2
DA:140,2
DA:141,2
DA:142,2
DA:144,3
DA:145,3
DA:146,3
DA:147,3
DA:148,3
DA:149,3
DA:151,3
DA:153,3
DA:154,3
DA:155,3
DA:157,3
DA:158,2
DA:160,2
DA:161,2
DA:163,2
DA:164,3
DA:165,1
DA:166,1
DA:167,1
DA:168,3
DA:170,1
DA:171,4
DA:172,4
DA:173,4
DA:174,4
DA:175,4
DA:176,4
DA:177,4
DA:179,4
DA:194,4
DA:195,4
DA:196,4
DA:197,4
DA:198,4
DA:199,4
DA:201,4
DA:202,4
DA:203,4
DA:204,4
DA:205,4
DA:206,4
DA:209,3
DA:210,3
DA:211,3
DA:212,3
DA:214,3
DA:215,3
DA:216,3
DA:218,3
DA:219,2
DA:220,1
DA:221,1
DA:222,1
DA:223,1
DA:224,1
DA:225,3
DA:226,1
DA:227,1
DA:228,1
DA:229,1
DA:230,1
DA:231,1
DA:232,1
DA:234,2
DA:235,3
DA:236,1
DA:237,1
DA:238,1
DA:239,1
DA:240,3
DA:242,2
DA:243,2
DA:245,2
DA:246,2
DA:247,2
DA:248,2
DA:249,2
DA:250,2
DA:251,2
DA:252,4
DA:253,4
DA:254,4
DA:255,4
DA:256,4
DA:257,0
DA:258,0
DA:259,4
DA:260,4
DA:261,4
LF:200
LH:187
BRDA:11,0,0,0
BRDA:23,1,0,0
BRDA:38,2,0,4
BRDA:40,3,0,3
BRDA:40,4,0,3
BRDA:42,5,0,1
BRDA:48,6,0,0
BRDA:50,7,0,1
BRDA:58,8,0,8
BRDA:60,9,0,1
BRDA:63,10,0,6
BRDA:65,11,0,1
BRDA:68,12,0,5
BRDA:71,13,0,2
BRDA:74,14,0,3
BRDA:77,15,0,1
BRDA:83,16,0,8
BRDA:85,17,0,1
BRDA:87,18,0,7
BRDA:95,19,0,7
BRDA:99,20,0,6
BRDA:101,21,0,5
BRDA:101,22,0,2
BRDA:103,23,0,4
BRDA:106,24,0,3
BRDA:111,25,0,4
BRDA:122,26,0,3
BRDA:138,27,0,2
BRDA:144,28,0,3
BRDA:157,29,0,2
BRDA:164,30,0,1
BRDA:170,31,0,4
BRDA:206,32,0,3
BRDA:218,33,0,2
BRDA:219,34,0,1
BRDA:225,35,0,1
BRDA:232,36,0,2
BRDA:235,37,0,1
BRDA:240,38,0,2
BRDA:252,39,0,0
BRDA:256,40,0,0
BRF:41
BRH:36
end_of_record
